CRITICAL - 2023-08-17 20:20:33 --> Class "App\Modules\BaseController" not found
in APPPATH/Modules/Home.php on line 5.
 1 SYSTEMPATH/Autoloader/Autoloader.php(314): include_once()
 2 SYSTEMPATH/Autoloader/Autoloader.php(291): CodeIgniter\Autoloader\Autoloader->includeFile()
 3 SYSTEMPATH/Autoloader/Autoloader.php(269): CodeIgniter\Autoloader\Autoloader->loadInNamespace()
 4 [internal function]: CodeIgniter\Autoloader\Autoloader->loadClass()
 5 SYSTEMPATH/CodeIgniter.php(890): class_exists()
 6 SYSTEMPATH/CodeIgniter.php(484): CodeIgniter\CodeIgniter->startController()
 7 SYSTEMPATH/CodeIgniter.php(366): CodeIgniter\CodeIgniter->handleRequest()
 8 FCPATH/index.php(67): CodeIgniter\CodeIgniter->run()
CRITICAL - 2023-08-17 20:22:10 --> The namespace delimiter is a backslash (\), not a slash (/). Route handler: "\App\Modules\home/Home::index"
in SYSTEMPATH/Router/Router.php on line 477.
 1 SYSTEMPATH/Router/Router.php(477): CodeIgniter\Router\Exceptions\RouterException::forInvalidControllerName()
 2 SYSTEMPATH/Router/Router.php(184): CodeIgniter\Router\Router->checkRoutes()
 3 SYSTEMPATH/CodeIgniter.php(813): CodeIgniter\Router\Router->handle()
 4 SYSTEMPATH/CodeIgniter.php(447): CodeIgniter\CodeIgniter->tryToRouteIt()
 5 SYSTEMPATH/CodeIgniter.php(366): CodeIgniter\CodeIgniter->handleRequest()
 6 FCPATH/index.php(67): CodeIgniter\CodeIgniter->run()
CRITICAL - 2023-08-17 20:22:11 --> The namespace delimiter is a backslash (\), not a slash (/). Route handler: "\App\Modules\home/Home::index"
in SYSTEMPATH/Router/Router.php on line 477.
 1 SYSTEMPATH/Router/Router.php(477): CodeIgniter\Router\Exceptions\RouterException::forInvalidControllerName()
 2 SYSTEMPATH/Router/Router.php(184): CodeIgniter\Router\Router->checkRoutes()
 3 SYSTEMPATH/CodeIgniter.php(813): CodeIgniter\Router\Router->handle()
 4 SYSTEMPATH/CodeIgniter.php(447): CodeIgniter\CodeIgniter->tryToRouteIt()
 5 SYSTEMPATH/CodeIgniter.php(366): CodeIgniter\CodeIgniter->handleRequest()
 6 FCPATH/index.php(67): CodeIgniter\CodeIgniter->run()
CRITICAL - 2023-08-17 20:22:11 --> The namespace delimiter is a backslash (\), not a slash (/). Route handler: "\App\Modules\home/Home::index"
in SYSTEMPATH/Router/Router.php on line 477.
 1 SYSTEMPATH/Router/Router.php(477): CodeIgniter\Router\Exceptions\RouterException::forInvalidControllerName()
 2 SYSTEMPATH/Router/Router.php(184): CodeIgniter\Router\Router->checkRoutes()
 3 SYSTEMPATH/CodeIgniter.php(813): CodeIgniter\Router\Router->handle()
 4 SYSTEMPATH/CodeIgniter.php(447): CodeIgniter\CodeIgniter->tryToRouteIt()
 5 SYSTEMPATH/CodeIgniter.php(366): CodeIgniter\CodeIgniter->handleRequest()
 6 FCPATH/index.php(67): CodeIgniter\CodeIgniter->run()
CRITICAL - 2023-08-17 20:23:39 --> Class "App\Modules\Home\BaseController" not found
in APPPATH/Modules/Home/Home.php on line 5.
 1 SYSTEMPATH/Autoloader/Autoloader.php(314): include_once()
 2 SYSTEMPATH/Autoloader/Autoloader.php(291): CodeIgniter\Autoloader\Autoloader->includeFile()
 3 SYSTEMPATH/Autoloader/Autoloader.php(269): CodeIgniter\Autoloader\Autoloader->loadInNamespace()
 4 [internal function]: CodeIgniter\Autoloader\Autoloader->loadClass()
 5 SYSTEMPATH/CodeIgniter.php(890): class_exists()
 6 SYSTEMPATH/CodeIgniter.php(484): CodeIgniter\CodeIgniter->startController()
 7 SYSTEMPATH/CodeIgniter.php(366): CodeIgniter\CodeIgniter->handleRequest()
 8 FCPATH/index.php(67): CodeIgniter\CodeIgniter->run()
CRITICAL - 2023-08-17 20:23:46 --> Class "App\Modules\Home\BaseController" not found
in APPPATH/Modules/Home/Home.php on line 5.
 1 SYSTEMPATH/Autoloader/Autoloader.php(314): include_once()
 2 SYSTEMPATH/Autoloader/Autoloader.php(291): CodeIgniter\Autoloader\Autoloader->includeFile()
 3 SYSTEMPATH/Autoloader/Autoloader.php(269): CodeIgniter\Autoloader\Autoloader->loadInNamespace()
 4 [internal function]: CodeIgniter\Autoloader\Autoloader->loadClass()
 5 SYSTEMPATH/CodeIgniter.php(890): class_exists()
 6 SYSTEMPATH/CodeIgniter.php(484): CodeIgniter\CodeIgniter->startController()
 7 SYSTEMPATH/CodeIgniter.php(366): CodeIgniter\CodeIgniter->handleRequest()
 8 FCPATH/index.php(67): CodeIgniter\CodeIgniter->run()
CRITICAL - 2023-08-17 20:28:18 --> syntax error, unexpected token "return"
in APPPATH/Modules/Home/Home.php on line 11.
 1 SYSTEMPATH/Autoloader/Autoloader.php(291): CodeIgniter\Autoloader\Autoloader->includeFile()
 2 SYSTEMPATH/Autoloader/Autoloader.php(269): CodeIgniter\Autoloader\Autoloader->loadInNamespace()
 3 [internal function]: CodeIgniter\Autoloader\Autoloader->loadClass()
 4 SYSTEMPATH/CodeIgniter.php(890): class_exists()
 5 SYSTEMPATH/CodeIgniter.php(484): CodeIgniter\CodeIgniter->startController()
 6 SYSTEMPATH/CodeIgniter.php(366): CodeIgniter\CodeIgniter->handleRequest()
 7 FCPATH/index.php(67): CodeIgniter\CodeIgniter->run()
CRITICAL - 2023-08-17 20:28:19 --> syntax error, unexpected token "return"
in APPPATH/Modules/Home/Home.php on line 11.
 1 SYSTEMPATH/Autoloader/Autoloader.php(291): CodeIgniter\Autoloader\Autoloader->includeFile()
 2 SYSTEMPATH/Autoloader/Autoloader.php(269): CodeIgniter\Autoloader\Autoloader->loadInNamespace()
 3 [internal function]: CodeIgniter\Autoloader\Autoloader->loadClass()
 4 SYSTEMPATH/CodeIgniter.php(890): class_exists()
 5 SYSTEMPATH/CodeIgniter.php(484): CodeIgniter\CodeIgniter->startController()
 6 SYSTEMPATH/CodeIgniter.php(366): CodeIgniter\CodeIgniter->handleRequest()
 7 FCPATH/index.php(67): CodeIgniter\CodeIgniter->run()
CRITICAL - 2023-08-17 20:28:51 --> Call to undefined method App\Modules\Home\Home::initController()
in SYSTEMPATH/CodeIgniter.php on line 905.
 1 SYSTEMPATH/CodeIgniter.php(488): CodeIgniter\CodeIgniter->createController()
 2 SYSTEMPATH/CodeIgniter.php(366): CodeIgniter\CodeIgniter->handleRequest()
 3 FCPATH/index.php(67): CodeIgniter\CodeIgniter->run()
CRITICAL - 2023-08-17 20:28:52 --> Call to undefined method App\Modules\Home\Home::initController()
in SYSTEMPATH/CodeIgniter.php on line 905.
 1 SYSTEMPATH/CodeIgniter.php(488): CodeIgniter\CodeIgniter->createController()
 2 SYSTEMPATH/CodeIgniter.php(366): CodeIgniter\CodeIgniter->handleRequest()
 3 FCPATH/index.php(67): CodeIgniter\CodeIgniter->run()
CRITICAL - 2023-08-17 20:31:30 --> syntax error, unexpected namespaced name "App\Modules\BaseController"
in APPPATH/Modules/Home/Home.php on line 4.
 1 SYSTEMPATH/Autoloader/Autoloader.php(291): CodeIgniter\Autoloader\Autoloader->includeFile()
 2 SYSTEMPATH/Autoloader/Autoloader.php(269): CodeIgniter\Autoloader\Autoloader->loadInNamespace()
 3 [internal function]: CodeIgniter\Autoloader\Autoloader->loadClass()
 4 SYSTEMPATH/CodeIgniter.php(890): class_exists()
 5 SYSTEMPATH/CodeIgniter.php(484): CodeIgniter\CodeIgniter->startController()
 6 SYSTEMPATH/CodeIgniter.php(366): CodeIgniter\CodeIgniter->handleRequest()
 7 FCPATH/index.php(67): CodeIgniter\CodeIgniter->run()
CRITICAL - 2023-08-17 20:32:26 --> syntax error, unexpected namespaced name "Modules\Home"
in APPPATH/Modules/Home/Home.php on line 5.
 1 SYSTEMPATH/Autoloader/Autoloader.php(291): CodeIgniter\Autoloader\Autoloader->includeFile()
 2 SYSTEMPATH/Autoloader/Autoloader.php(269): CodeIgniter\Autoloader\Autoloader->loadInNamespace()
 3 [internal function]: CodeIgniter\Autoloader\Autoloader->loadClass()
 4 SYSTEMPATH/CodeIgniter.php(890): class_exists()
 5 SYSTEMPATH/CodeIgniter.php(484): CodeIgniter\CodeIgniter->startController()
 6 SYSTEMPATH/CodeIgniter.php(366): CodeIgniter\CodeIgniter->handleRequest()
 7 FCPATH/index.php(67): CodeIgniter\CodeIgniter->run()
CRITICAL - 2023-08-17 20:32:27 --> syntax error, unexpected namespaced name "Modules\Home"
in APPPATH/Modules/Home/Home.php on line 5.
 1 SYSTEMPATH/Autoloader/Autoloader.php(291): CodeIgniter\Autoloader\Autoloader->includeFile()
 2 SYSTEMPATH/Autoloader/Autoloader.php(269): CodeIgniter\Autoloader\Autoloader->loadInNamespace()
 3 [internal function]: CodeIgniter\Autoloader\Autoloader->loadClass()
 4 SYSTEMPATH/CodeIgniter.php(890): class_exists()
 5 SYSTEMPATH/CodeIgniter.php(484): CodeIgniter\CodeIgniter->startController()
 6 SYSTEMPATH/CodeIgniter.php(366): CodeIgniter\CodeIgniter->handleRequest()
 7 FCPATH/index.php(67): CodeIgniter\CodeIgniter->run()
CRITICAL - 2023-08-17 20:33:02 --> require_once(../BaseController.php): Failed to open stream: No such file or directory
in APPPATH/Modules/Home/Home.php on line 5.
 1 APPPATH/Modules/Home/Home.php(5): CodeIgniter\Debug\Exceptions->errorHandler()
 2 APPPATH/Modules/Home/Home.php(5): require_once()
 3 SYSTEMPATH/Autoloader/Autoloader.php(314): include_once('/var/www/app/Modules/Home/Home.php')
 4 SYSTEMPATH/Autoloader/Autoloader.php(291): CodeIgniter\Autoloader\Autoloader->includeFile()
 5 SYSTEMPATH/Autoloader/Autoloader.php(269): CodeIgniter\Autoloader\Autoloader->loadInNamespace()
 6 [internal function]: CodeIgniter\Autoloader\Autoloader->loadClass()
 7 SYSTEMPATH/CodeIgniter.php(890): class_exists()
 8 SYSTEMPATH/CodeIgniter.php(484): CodeIgniter\CodeIgniter->startController()
 9 SYSTEMPATH/CodeIgniter.php(366): CodeIgniter\CodeIgniter->handleRequest()
10 FCPATH/index.php(67): CodeIgniter\CodeIgniter->run()
CRITICAL - 2023-08-17 20:33:29 --> Namespace declaration statement has to be the very first statement or after any declare call in the script
in APPPATH/Modules/Home/Home.php on line 4.
 1 [internal function]: CodeIgniter\Debug\Exceptions->shutdownHandler()
CRITICAL - 2023-08-17 20:33:45 --> require_once(../BaseController.php): Failed to open stream: No such file or directory
in APPPATH/Modules/Home/Home.php on line 3.
 1 APPPATH/Modules/Home/Home.php(3): CodeIgniter\Debug\Exceptions->errorHandler()
 2 APPPATH/Modules/Home/Home.php(3): require_once()
 3 SYSTEMPATH/Autoloader/Autoloader.php(314): include_once('/var/www/app/Modules/Home/Home.php')
 4 SYSTEMPATH/Autoloader/Autoloader.php(291): CodeIgniter\Autoloader\Autoloader->includeFile()
 5 SYSTEMPATH/Autoloader/Autoloader.php(269): CodeIgniter\Autoloader\Autoloader->loadInNamespace()
 6 [internal function]: CodeIgniter\Autoloader\Autoloader->loadClass()
 7 SYSTEMPATH/CodeIgniter.php(890): class_exists()
 8 SYSTEMPATH/CodeIgniter.php(484): CodeIgniter\CodeIgniter->startController()
 9 SYSTEMPATH/CodeIgniter.php(366): CodeIgniter\CodeIgniter->handleRequest()
10 FCPATH/index.php(67): CodeIgniter\CodeIgniter->run()
CRITICAL - 2023-08-17 20:34:04 --> Call to undefined method App\Modules\Home\Home::initController()
in SYSTEMPATH/CodeIgniter.php on line 905.
 1 SYSTEMPATH/CodeIgniter.php(488): CodeIgniter\CodeIgniter->createController()
 2 SYSTEMPATH/CodeIgniter.php(366): CodeIgniter\CodeIgniter->handleRequest()
 3 FCPATH/index.php(67): CodeIgniter\CodeIgniter->run()
CRITICAL - 2023-08-17 20:34:27 --> Call to undefined method App\Modules\Home\Home::initController()
in SYSTEMPATH/CodeIgniter.php on line 905.
 1 SYSTEMPATH/CodeIgniter.php(488): CodeIgniter\CodeIgniter->createController()
 2 SYSTEMPATH/CodeIgniter.php(366): CodeIgniter\CodeIgniter->handleRequest()
 3 FCPATH/index.php(67): CodeIgniter\CodeIgniter->run()
CRITICAL - 2023-08-17 20:34:28 --> Call to undefined method App\Modules\Home\Home::initController()
in SYSTEMPATH/CodeIgniter.php on line 905.
 1 SYSTEMPATH/CodeIgniter.php(488): CodeIgniter\CodeIgniter->createController()
 2 SYSTEMPATH/CodeIgniter.php(366): CodeIgniter\CodeIgniter->handleRequest()
 3 FCPATH/index.php(67): CodeIgniter\CodeIgniter->run()
CRITICAL - 2023-08-17 20:34:34 --> Class "App\Modules\Home\BaseController" not found
in APPPATH/Modules/Home/Home.php on line 8.
 1 SYSTEMPATH/Autoloader/Autoloader.php(314): include_once()
 2 SYSTEMPATH/Autoloader/Autoloader.php(291): CodeIgniter\Autoloader\Autoloader->includeFile()
 3 SYSTEMPATH/Autoloader/Autoloader.php(269): CodeIgniter\Autoloader\Autoloader->loadInNamespace()
 4 [internal function]: CodeIgniter\Autoloader\Autoloader->loadClass()
 5 SYSTEMPATH/CodeIgniter.php(890): class_exists()
 6 SYSTEMPATH/CodeIgniter.php(484): CodeIgniter\CodeIgniter->startController()
 7 SYSTEMPATH/CodeIgniter.php(366): CodeIgniter\CodeIgniter->handleRequest()
 8 FCPATH/index.php(67): CodeIgniter\CodeIgniter->run()
CRITICAL - 2023-08-17 20:34:40 --> Class "App\Modules\Home\BaseController" not found
in APPPATH/Modules/Home/Home.php on line 8.
 1 SYSTEMPATH/Autoloader/Autoloader.php(314): include_once()
 2 SYSTEMPATH/Autoloader/Autoloader.php(291): CodeIgniter\Autoloader\Autoloader->includeFile()
 3 SYSTEMPATH/Autoloader/Autoloader.php(269): CodeIgniter\Autoloader\Autoloader->loadInNamespace()
 4 [internal function]: CodeIgniter\Autoloader\Autoloader->loadClass()
 5 SYSTEMPATH/CodeIgniter.php(890): class_exists()
 6 SYSTEMPATH/CodeIgniter.php(484): CodeIgniter\CodeIgniter->startController()
 7 SYSTEMPATH/CodeIgniter.php(366): CodeIgniter\CodeIgniter->handleRequest()
 8 FCPATH/index.php(67): CodeIgniter\CodeIgniter->run()
CRITICAL - 2023-08-17 20:35:25 --> Class "BaseController" not found
in APPPATH/Modules/Home/Home.php on line 8.
 1 SYSTEMPATH/Autoloader/Autoloader.php(314): include_once()
 2 SYSTEMPATH/Autoloader/Autoloader.php(291): CodeIgniter\Autoloader\Autoloader->includeFile()
 3 SYSTEMPATH/Autoloader/Autoloader.php(269): CodeIgniter\Autoloader\Autoloader->loadInNamespace()
 4 [internal function]: CodeIgniter\Autoloader\Autoloader->loadClass()
 5 SYSTEMPATH/CodeIgniter.php(890): class_exists()
 6 SYSTEMPATH/CodeIgniter.php(484): CodeIgniter\CodeIgniter->startController()
 7 SYSTEMPATH/CodeIgniter.php(366): CodeIgniter\CodeIgniter->handleRequest()
 8 FCPATH/index.php(67): CodeIgniter\CodeIgniter->run()
CRITICAL - 2023-08-17 20:43:39 --> syntax error, unexpected identifier "BaseController", expecting "," or ";"
in APPPATH/Modules/Home/Home.php on line 4.
 1 SYSTEMPATH/Autoloader/Autoloader.php(291): CodeIgniter\Autoloader\Autoloader->includeFile()
 2 SYSTEMPATH/Autoloader/Autoloader.php(269): CodeIgniter\Autoloader\Autoloader->loadInNamespace()
 3 [internal function]: CodeIgniter\Autoloader\Autoloader->loadClass()
 4 SYSTEMPATH/CodeIgniter.php(890): class_exists()
 5 SYSTEMPATH/CodeIgniter.php(484): CodeIgniter\CodeIgniter->startController()
 6 SYSTEMPATH/CodeIgniter.php(366): CodeIgniter\CodeIgniter->handleRequest()
 7 FCPATH/index.php(67): CodeIgniter\CodeIgniter->run()
CRITICAL - 2023-08-17 20:43:51 --> syntax error, unexpected token "namespace", expecting "," or ";"
in APPPATH/Modules/Home/Home.php on line 5.
 1 SYSTEMPATH/Autoloader/Autoloader.php(291): CodeIgniter\Autoloader\Autoloader->includeFile()
 2 SYSTEMPATH/Autoloader/Autoloader.php(269): CodeIgniter\Autoloader\Autoloader->loadInNamespace()
 3 [internal function]: CodeIgniter\Autoloader\Autoloader->loadClass()
 4 SYSTEMPATH/CodeIgniter.php(890): class_exists()
 5 SYSTEMPATH/CodeIgniter.php(484): CodeIgniter\CodeIgniter->startController()
 6 SYSTEMPATH/CodeIgniter.php(366): CodeIgniter\CodeIgniter->handleRequest()
 7 FCPATH/index.php(67): CodeIgniter\CodeIgniter->run()
CRITICAL - 2023-08-17 20:43:52 --> syntax error, unexpected token "namespace", expecting "," or ";"
in APPPATH/Modules/Home/Home.php on line 5.
 1 SYSTEMPATH/Autoloader/Autoloader.php(291): CodeIgniter\Autoloader\Autoloader->includeFile()
 2 SYSTEMPATH/Autoloader/Autoloader.php(269): CodeIgniter\Autoloader\Autoloader->loadInNamespace()
 3 [internal function]: CodeIgniter\Autoloader\Autoloader->loadClass()
 4 SYSTEMPATH/CodeIgniter.php(890): class_exists()
 5 SYSTEMPATH/CodeIgniter.php(484): CodeIgniter\CodeIgniter->startController()
 6 SYSTEMPATH/CodeIgniter.php(366): CodeIgniter\CodeIgniter->handleRequest()
 7 FCPATH/index.php(67): CodeIgniter\CodeIgniter->run()
CRITICAL - 2023-08-17 20:43:52 --> syntax error, unexpected token "namespace", expecting "," or ";"
in APPPATH/Modules/Home/Home.php on line 5.
 1 SYSTEMPATH/Autoloader/Autoloader.php(291): CodeIgniter\Autoloader\Autoloader->includeFile()
 2 SYSTEMPATH/Autoloader/Autoloader.php(269): CodeIgniter\Autoloader\Autoloader->loadInNamespace()
 3 [internal function]: CodeIgniter\Autoloader\Autoloader->loadClass()
 4 SYSTEMPATH/CodeIgniter.php(890): class_exists()
 5 SYSTEMPATH/CodeIgniter.php(484): CodeIgniter\CodeIgniter->startController()
 6 SYSTEMPATH/CodeIgniter.php(366): CodeIgniter\CodeIgniter->handleRequest()
 7 FCPATH/index.php(67): CodeIgniter\CodeIgniter->run()
CRITICAL - 2023-08-17 20:44:00 --> syntax error, unexpected token "class", expecting "," or ";"
in APPPATH/Modules/Home/Home.php on line 9.
 1 SYSTEMPATH/Autoloader/Autoloader.php(291): CodeIgniter\Autoloader\Autoloader->includeFile()
 2 SYSTEMPATH/Autoloader/Autoloader.php(269): CodeIgniter\Autoloader\Autoloader->loadInNamespace()
 3 [internal function]: CodeIgniter\Autoloader\Autoloader->loadClass()
 4 SYSTEMPATH/CodeIgniter.php(890): class_exists()
 5 SYSTEMPATH/CodeIgniter.php(484): CodeIgniter\CodeIgniter->startController()
 6 SYSTEMPATH/CodeIgniter.php(366): CodeIgniter\CodeIgniter->handleRequest()
 7 FCPATH/index.php(67): CodeIgniter\CodeIgniter->run()
CRITICAL - 2023-08-17 20:44:01 --> syntax error, unexpected token "class", expecting "," or ";"
in APPPATH/Modules/Home/Home.php on line 9.
 1 SYSTEMPATH/Autoloader/Autoloader.php(291): CodeIgniter\Autoloader\Autoloader->includeFile()
 2 SYSTEMPATH/Autoloader/Autoloader.php(269): CodeIgniter\Autoloader\Autoloader->loadInNamespace()
 3 [internal function]: CodeIgniter\Autoloader\Autoloader->loadClass()
 4 SYSTEMPATH/CodeIgniter.php(890): class_exists()
 5 SYSTEMPATH/CodeIgniter.php(484): CodeIgniter\CodeIgniter->startController()
 6 SYSTEMPATH/CodeIgniter.php(366): CodeIgniter\CodeIgniter->handleRequest()
 7 FCPATH/index.php(67): CodeIgniter\CodeIgniter->run()
CRITICAL - 2023-08-17 20:44:01 --> syntax error, unexpected token "class", expecting "," or ";"
in APPPATH/Modules/Home/Home.php on line 9.
 1 SYSTEMPATH/Autoloader/Autoloader.php(291): CodeIgniter\Autoloader\Autoloader->includeFile()
 2 SYSTEMPATH/Autoloader/Autoloader.php(269): CodeIgniter\Autoloader\Autoloader->loadInNamespace()
 3 [internal function]: CodeIgniter\Autoloader\Autoloader->loadClass()
 4 SYSTEMPATH/CodeIgniter.php(890): class_exists()
 5 SYSTEMPATH/CodeIgniter.php(484): CodeIgniter\CodeIgniter->startController()
 6 SYSTEMPATH/CodeIgniter.php(366): CodeIgniter\CodeIgniter->handleRequest()
 7 FCPATH/index.php(67): CodeIgniter\CodeIgniter->run()
CRITICAL - 2023-08-17 20:44:02 --> syntax error, unexpected token "class", expecting "," or ";"
in APPPATH/Modules/Home/Home.php on line 9.
 1 SYSTEMPATH/Autoloader/Autoloader.php(291): CodeIgniter\Autoloader\Autoloader->includeFile()
 2 SYSTEMPATH/Autoloader/Autoloader.php(269): CodeIgniter\Autoloader\Autoloader->loadInNamespace()
 3 [internal function]: CodeIgniter\Autoloader\Autoloader->loadClass()
 4 SYSTEMPATH/CodeIgniter.php(890): class_exists()
 5 SYSTEMPATH/CodeIgniter.php(484): CodeIgniter\CodeIgniter->startController()
 6 SYSTEMPATH/CodeIgniter.php(366): CodeIgniter\CodeIgniter->handleRequest()
 7 FCPATH/index.php(67): CodeIgniter\CodeIgniter->run()
CRITICAL - 2023-08-17 20:44:16 --> Namespace declaration statement has to be the very first statement or after any declare call in the script
in APPPATH/Modules/Home/Home.php on line 5.
 1 [internal function]: CodeIgniter\Debug\Exceptions->shutdownHandler()
CRITICAL - 2023-08-17 20:44:17 --> Namespace declaration statement has to be the very first statement or after any declare call in the script
in APPPATH/Modules/Home/Home.php on line 5.
 1 [internal function]: CodeIgniter\Debug\Exceptions->shutdownHandler()
CRITICAL - 2023-08-17 20:47:00 --> Invalid file: "Home\welcome_message.php"
in SYSTEMPATH/Exceptions/FrameworkException.php on line 33.
 1 SYSTEMPATH/View/View.php(212): CodeIgniter\Exceptions\FrameworkException::forInvalidFile()
 2 SYSTEMPATH/Common.php(1176): CodeIgniter\View\View->render()
 3 APPPATH/Modules/Home/Home.php(13): view()
 4 SYSTEMPATH/CodeIgniter.php(932): App\Modules\Home\Home->index()
 5 SYSTEMPATH/CodeIgniter.php(497): CodeIgniter\CodeIgniter->runController()
 6 SYSTEMPATH/CodeIgniter.php(366): CodeIgniter\CodeIgniter->handleRequest()
 7 FCPATH/index.php(67): CodeIgniter\CodeIgniter->run()
CRITICAL - 2023-08-17 20:48:02 --> Invalid file: "\Home\welcome_message.php"
in SYSTEMPATH/Exceptions/FrameworkException.php on line 33.
 1 SYSTEMPATH/View/View.php(212): CodeIgniter\Exceptions\FrameworkException::forInvalidFile()
 2 SYSTEMPATH/Common.php(1176): CodeIgniter\View\View->render()
 3 APPPATH/Modules/Home/Home.php(13): view()
 4 SYSTEMPATH/CodeIgniter.php(932): App\Modules\Home\Home->index()
 5 SYSTEMPATH/CodeIgniter.php(497): CodeIgniter\CodeIgniter->runController()
 6 SYSTEMPATH/CodeIgniter.php(366): CodeIgniter\CodeIgniter->handleRequest()
 7 FCPATH/index.php(67): CodeIgniter\CodeIgniter->run()
CRITICAL - 2023-08-17 20:48:02 --> Invalid file: "\Home\welcome_message.php"
in SYSTEMPATH/Exceptions/FrameworkException.php on line 33.
 1 SYSTEMPATH/View/View.php(212): CodeIgniter\Exceptions\FrameworkException::forInvalidFile()
 2 SYSTEMPATH/Common.php(1176): CodeIgniter\View\View->render()
 3 APPPATH/Modules/Home/Home.php(13): view()
 4 SYSTEMPATH/CodeIgniter.php(932): App\Modules\Home\Home->index()
 5 SYSTEMPATH/CodeIgniter.php(497): CodeIgniter\CodeIgniter->runController()
 6 SYSTEMPATH/CodeIgniter.php(366): CodeIgniter\CodeIgniter->handleRequest()
 7 FCPATH/index.php(67): CodeIgniter\CodeIgniter->run()
CRITICAL - 2023-08-17 20:48:03 --> Invalid file: "\Home\welcome_message.php"
in SYSTEMPATH/Exceptions/FrameworkException.php on line 33.
 1 SYSTEMPATH/View/View.php(212): CodeIgniter\Exceptions\FrameworkException::forInvalidFile()
 2 SYSTEMPATH/Common.php(1176): CodeIgniter\View\View->render()
 3 APPPATH/Modules/Home/Home.php(13): view()
 4 SYSTEMPATH/CodeIgniter.php(932): App\Modules\Home\Home->index()
 5 SYSTEMPATH/CodeIgniter.php(497): CodeIgniter\CodeIgniter->runController()
 6 SYSTEMPATH/CodeIgniter.php(366): CodeIgniter\CodeIgniter->handleRequest()
 7 FCPATH/index.php(67): CodeIgniter\CodeIgniter->run()
CRITICAL - 2023-08-17 20:48:07 --> Invalid file: "Home\welcome_message.php"
in SYSTEMPATH/Exceptions/FrameworkException.php on line 33.
 1 SYSTEMPATH/View/View.php(212): CodeIgniter\Exceptions\FrameworkException::forInvalidFile()
 2 SYSTEMPATH/Common.php(1176): CodeIgniter\View\View->render()
 3 APPPATH/Modules/Home/Home.php(13): view()
 4 SYSTEMPATH/CodeIgniter.php(932): App\Modules\Home\Home->index()
 5 SYSTEMPATH/CodeIgniter.php(497): CodeIgniter\CodeIgniter->runController()
 6 SYSTEMPATH/CodeIgniter.php(366): CodeIgniter\CodeIgniter->handleRequest()
 7 FCPATH/index.php(67): CodeIgniter\CodeIgniter->run()
CRITICAL - 2023-08-17 21:08:10 --> Call to undefined function App\Modules\Home\getAll()
in APPPATH/Modules/Home/HomeController.php on line 12.
 1 SYSTEMPATH/CodeIgniter.php(932): App\Modules\Home\HomeController->index()
 2 SYSTEMPATH/CodeIgniter.php(497): CodeIgniter\CodeIgniter->runController()
 3 SYSTEMPATH/CodeIgniter.php(366): CodeIgniter\CodeIgniter->handleRequest()
 4 FCPATH/index.php(67): CodeIgniter\CodeIgniter->run()
CRITICAL - 2023-08-17 21:08:38 --> Call to undefined function App\Modules\Home\getAll()
in APPPATH/Modules/Home/HomeController.php on line 13.
 1 SYSTEMPATH/CodeIgniter.php(932): App\Modules\Home\HomeController->index()
 2 SYSTEMPATH/CodeIgniter.php(497): CodeIgniter\CodeIgniter->runController()
 3 SYSTEMPATH/CodeIgniter.php(366): CodeIgniter\CodeIgniter->handleRequest()
 4 FCPATH/index.php(67): CodeIgniter\CodeIgniter->run()
CRITICAL - 2023-08-17 21:09:37 --> Call to undefined function App\Modules\Home\HomeModel()
in APPPATH/Modules/Home/HomeController.php on line 13.
 1 SYSTEMPATH/CodeIgniter.php(932): App\Modules\Home\HomeController->index()
 2 SYSTEMPATH/CodeIgniter.php(497): CodeIgniter\CodeIgniter->runController()
 3 SYSTEMPATH/CodeIgniter.php(366): CodeIgniter\CodeIgniter->handleRequest()
 4 FCPATH/index.php(67): CodeIgniter\CodeIgniter->run()
CRITICAL - 2023-08-17 21:09:38 --> Call to undefined function App\Modules\Home\HomeModel()
in APPPATH/Modules/Home/HomeController.php on line 13.
 1 SYSTEMPATH/CodeIgniter.php(932): App\Modules\Home\HomeController->index()
 2 SYSTEMPATH/CodeIgniter.php(497): CodeIgniter\CodeIgniter->runController()
 3 SYSTEMPATH/CodeIgniter.php(366): CodeIgniter\CodeIgniter->handleRequest()
 4 FCPATH/index.php(67): CodeIgniter\CodeIgniter->run()
CRITICAL - 2023-08-17 21:09:50 --> Call to undefined function App\Modules\Home\HomeModel()
in APPPATH/Modules/Home/HomeController.php on line 13.
 1 SYSTEMPATH/CodeIgniter.php(932): App\Modules\Home\HomeController->index()
 2 SYSTEMPATH/CodeIgniter.php(497): CodeIgniter\CodeIgniter->runController()
 3 SYSTEMPATH/CodeIgniter.php(366): CodeIgniter\CodeIgniter->handleRequest()
 4 FCPATH/index.php(67): CodeIgniter\CodeIgniter->run()
CRITICAL - 2023-08-17 21:09:52 --> Call to undefined function App\Modules\Home\HomeModel()
in APPPATH/Modules/Home/HomeController.php on line 13.
 1 SYSTEMPATH/CodeIgniter.php(932): App\Modules\Home\HomeController->index()
 2 SYSTEMPATH/CodeIgniter.php(497): CodeIgniter\CodeIgniter->runController()
 3 SYSTEMPATH/CodeIgniter.php(366): CodeIgniter\CodeIgniter->handleRequest()
 4 FCPATH/index.php(67): CodeIgniter\CodeIgniter->run()
CRITICAL - 2023-08-17 21:14:41 --> Call to undefined function App\Modules\Home\getAll()
in APPPATH/Modules/Home/HomeController.php on line 13.
 1 SYSTEMPATH/CodeIgniter.php(932): App\Modules\Home\HomeController->index()
 2 SYSTEMPATH/CodeIgniter.php(497): CodeIgniter\CodeIgniter->runController()
 3 SYSTEMPATH/CodeIgniter.php(366): CodeIgniter\CodeIgniter->handleRequest()
 4 FCPATH/index.php(67): CodeIgniter\CodeIgniter->run()
CRITICAL - 2023-08-17 21:15:09 --> syntax error, unexpected token "->"
in APPPATH/Modules/Home/HomeController.php on line 12.
 1 SYSTEMPATH/Autoloader/Autoloader.php(291): CodeIgniter\Autoloader\Autoloader->includeFile()
 2 SYSTEMPATH/Autoloader/Autoloader.php(269): CodeIgniter\Autoloader\Autoloader->loadInNamespace()
 3 [internal function]: CodeIgniter\Autoloader\Autoloader->loadClass()
 4 SYSTEMPATH/CodeIgniter.php(890): class_exists()
 5 SYSTEMPATH/CodeIgniter.php(484): CodeIgniter\CodeIgniter->startController()
 6 SYSTEMPATH/CodeIgniter.php(366): CodeIgniter\CodeIgniter->handleRequest()
 7 FCPATH/index.php(67): CodeIgniter\CodeIgniter->run()
CRITICAL - 2023-08-17 21:15:10 --> syntax error, unexpected token "->"
in APPPATH/Modules/Home/HomeController.php on line 12.
 1 SYSTEMPATH/Autoloader/Autoloader.php(291): CodeIgniter\Autoloader\Autoloader->includeFile()
 2 SYSTEMPATH/Autoloader/Autoloader.php(269): CodeIgniter\Autoloader\Autoloader->loadInNamespace()
 3 [internal function]: CodeIgniter\Autoloader\Autoloader->loadClass()
 4 SYSTEMPATH/CodeIgniter.php(890): class_exists()
 5 SYSTEMPATH/CodeIgniter.php(484): CodeIgniter\CodeIgniter->startController()
 6 SYSTEMPATH/CodeIgniter.php(366): CodeIgniter\CodeIgniter->handleRequest()
 7 FCPATH/index.php(67): CodeIgniter\CodeIgniter->run()
CRITICAL - 2023-08-17 21:23:33 --> Undefined constant "CodeIgniter\Database\MySQLi\MYSQLI_STORE_RESULT"
in SYSTEMPATH/Database/Database.php on line 137.
 1 SYSTEMPATH/Database/Database.php(55): CodeIgniter\Database\Database->initDriver()
 2 SYSTEMPATH/Database/Config.php(81): CodeIgniter\Database\Database->load()
 3 SYSTEMPATH/Model.php(155): CodeIgniter\Database\Config::connect()
 4 APPPATH/Modules/Home/HomeController.php(12): CodeIgniter\Model->__construct()
 5 SYSTEMPATH/CodeIgniter.php(932): App\Modules\Home\HomeController->index()
 6 SYSTEMPATH/CodeIgniter.php(497): CodeIgniter\CodeIgniter->runController()
 7 SYSTEMPATH/CodeIgniter.php(366): CodeIgniter\CodeIgniter->handleRequest()
 8 FCPATH/index.php(67): CodeIgniter\CodeIgniter->run()
CRITICAL - 2023-08-17 21:23:46 --> Undefined constant "CodeIgniter\Database\MySQLi\MYSQLI_STORE_RESULT"
in SYSTEMPATH/Database/Database.php on line 137.
 1 SYSTEMPATH/Database/Database.php(55): CodeIgniter\Database\Database->initDriver()
 2 SYSTEMPATH/Database/Config.php(81): CodeIgniter\Database\Database->load()
 3 SYSTEMPATH/Model.php(155): CodeIgniter\Database\Config::connect()
 4 APPPATH/Modules/Home/HomeController.php(12): CodeIgniter\Model->__construct()
 5 SYSTEMPATH/CodeIgniter.php(932): App\Modules\Home\HomeController->index()
 6 SYSTEMPATH/CodeIgniter.php(497): CodeIgniter\CodeIgniter->runController()
 7 SYSTEMPATH/CodeIgniter.php(366): CodeIgniter\CodeIgniter->handleRequest()
 8 FCPATH/index.php(67): CodeIgniter\CodeIgniter->run()
CRITICAL - 2023-08-17 21:23:46 --> Undefined constant "CodeIgniter\Database\MySQLi\MYSQLI_STORE_RESULT"
in SYSTEMPATH/Database/Database.php on line 137.
 1 SYSTEMPATH/Database/Database.php(55): CodeIgniter\Database\Database->initDriver()
 2 SYSTEMPATH/Database/Config.php(81): CodeIgniter\Database\Database->load()
 3 SYSTEMPATH/Model.php(155): CodeIgniter\Database\Config::connect()
 4 APPPATH/Modules/Home/HomeController.php(12): CodeIgniter\Model->__construct()
 5 SYSTEMPATH/CodeIgniter.php(932): App\Modules\Home\HomeController->index()
 6 SYSTEMPATH/CodeIgniter.php(497): CodeIgniter\CodeIgniter->runController()
 7 SYSTEMPATH/CodeIgniter.php(366): CodeIgniter\CodeIgniter->handleRequest()
 8 FCPATH/index.php(67): CodeIgniter\CodeIgniter->run()
CRITICAL - 2023-08-17 21:24:46 --> Undefined constant "CodeIgniter\Database\MySQLi\MYSQLI_STORE_RESULT"
in SYSTEMPATH/Database/Database.php on line 137.
 1 SYSTEMPATH/Database/Database.php(55): CodeIgniter\Database\Database->initDriver()
 2 SYSTEMPATH/Database/Config.php(81): CodeIgniter\Database\Database->load()
 3 SYSTEMPATH/Model.php(155): CodeIgniter\Database\Config::connect()
 4 APPPATH/Modules/Home/HomeController.php(12): CodeIgniter\Model->__construct()
 5 SYSTEMPATH/CodeIgniter.php(932): App\Modules\Home\HomeController->index()
 6 SYSTEMPATH/CodeIgniter.php(497): CodeIgniter\CodeIgniter->runController()
 7 SYSTEMPATH/CodeIgniter.php(366): CodeIgniter\CodeIgniter->handleRequest()
 8 FCPATH/index.php(67): CodeIgniter\CodeIgniter->run()
CRITICAL - 2023-08-17 21:26:15 --> Undefined constant "CodeIgniter\Database\MySQLi\MYSQLI_STORE_RESULT"
in SYSTEMPATH/Database/Database.php on line 137.
 1 SYSTEMPATH/Database/Database.php(55): CodeIgniter\Database\Database->initDriver()
 2 SYSTEMPATH/Database/Config.php(81): CodeIgniter\Database\Database->load()
 3 SYSTEMPATH/Model.php(155): CodeIgniter\Database\Config::connect()
 4 APPPATH/Modules/Home/HomeController.php(12): CodeIgniter\Model->__construct()
 5 SYSTEMPATH/CodeIgniter.php(932): App\Modules\Home\HomeController->index()
 6 SYSTEMPATH/CodeIgniter.php(497): CodeIgniter\CodeIgniter->runController()
 7 SYSTEMPATH/CodeIgniter.php(366): CodeIgniter\CodeIgniter->handleRequest()
 8 FCPATH/index.php(67): CodeIgniter\CodeIgniter->run()
CRITICAL - 2023-08-17 21:26:15 --> Undefined constant "CodeIgniter\Database\MySQLi\MYSQLI_STORE_RESULT"
in SYSTEMPATH/Database/Database.php on line 137.
 1 SYSTEMPATH/Database/Database.php(55): CodeIgniter\Database\Database->initDriver()
 2 SYSTEMPATH/Database/Config.php(81): CodeIgniter\Database\Database->load()
 3 SYSTEMPATH/Model.php(155): CodeIgniter\Database\Config::connect()
 4 APPPATH/Modules/Home/HomeController.php(12): CodeIgniter\Model->__construct()
 5 SYSTEMPATH/CodeIgniter.php(932): App\Modules\Home\HomeController->index()
 6 SYSTEMPATH/CodeIgniter.php(497): CodeIgniter\CodeIgniter->runController()
 7 SYSTEMPATH/CodeIgniter.php(366): CodeIgniter\CodeIgniter->handleRequest()
 8 FCPATH/index.php(67): CodeIgniter\CodeIgniter->run()
CRITICAL - 2023-08-17 21:26:18 --> Undefined constant "CodeIgniter\Database\MySQLi\MYSQLI_STORE_RESULT"
in SYSTEMPATH/Database/Database.php on line 137.
 1 SYSTEMPATH/Database/Database.php(55): CodeIgniter\Database\Database->initDriver()
 2 SYSTEMPATH/Database/Config.php(81): CodeIgniter\Database\Database->load()
 3 SYSTEMPATH/Model.php(155): CodeIgniter\Database\Config::connect()
 4 APPPATH/Modules/Home/HomeController.php(12): CodeIgniter\Model->__construct()
 5 SYSTEMPATH/CodeIgniter.php(932): App\Modules\Home\HomeController->index()
 6 SYSTEMPATH/CodeIgniter.php(497): CodeIgniter\CodeIgniter->runController()
 7 SYSTEMPATH/CodeIgniter.php(366): CodeIgniter\CodeIgniter->handleRequest()
 8 FCPATH/index.php(67): CodeIgniter\CodeIgniter->run()
CRITICAL - 2023-08-17 21:43:04 --> Constant expression contains invalid operations
in APPPATH/Config/Database.php on line 27.
 1 [internal function]: CodeIgniter\Debug\Exceptions->shutdownHandler()
CRITICAL - 2023-08-17 21:43:06 --> Constant expression contains invalid operations
in APPPATH/Config/Database.php on line 27.
 1 [internal function]: CodeIgniter\Debug\Exceptions->shutdownHandler()
CRITICAL - 2023-08-17 21:44:37 --> Constant expression contains invalid operations
in APPPATH/Config/Database.php on line 27.
 1 [internal function]: CodeIgniter\Debug\Exceptions->shutdownHandler()
CRITICAL - 2023-08-17 21:44:38 --> Constant expression contains invalid operations
in APPPATH/Config/Database.php on line 27.
 1 [internal function]: CodeIgniter\Debug\Exceptions->shutdownHandler()
CRITICAL - 2023-08-17 21:44:38 --> Constant expression contains invalid operations
in APPPATH/Config/Database.php on line 27.
 1 [internal function]: CodeIgniter\Debug\Exceptions->shutdownHandler()
CRITICAL - 2023-08-17 21:44:39 --> Constant expression contains invalid operations
in APPPATH/Config/Database.php on line 27.
 1 [internal function]: CodeIgniter\Debug\Exceptions->shutdownHandler()
CRITICAL - 2023-08-17 21:44:40 --> Constant expression contains invalid operations
in APPPATH/Config/Database.php on line 27.
 1 [internal function]: CodeIgniter\Debug\Exceptions->shutdownHandler()
CRITICAL - 2023-08-17 21:44:40 --> Constant expression contains invalid operations
in APPPATH/Config/Database.php on line 27.
 1 [internal function]: CodeIgniter\Debug\Exceptions->shutdownHandler()
CRITICAL - 2023-08-17 21:44:41 --> Constant expression contains invalid operations
in APPPATH/Config/Database.php on line 27.
 1 [internal function]: CodeIgniter\Debug\Exceptions->shutdownHandler()
CRITICAL - 2023-08-17 21:45:24 --> Constant expression contains invalid operations
in APPPATH/Config/Database.php on line 27.
 1 [internal function]: CodeIgniter\Debug\Exceptions->shutdownHandler()
CRITICAL - 2023-08-17 21:45:24 --> Constant expression contains invalid operations
in APPPATH/Config/Database.php on line 27.
 1 [internal function]: CodeIgniter\Debug\Exceptions->shutdownHandler()
CRITICAL - 2023-08-17 21:45:25 --> Constant expression contains invalid operations
in APPPATH/Config/Database.php on line 27.
 1 [internal function]: CodeIgniter\Debug\Exceptions->shutdownHandler()
CRITICAL - 2023-08-17 21:49:53 --> Call to undefined method CodeIgniter\Database\Postgre\Connection::from()
in APPPATH/Modules/Home/HomeModel.php on line 16.
 1 APPPATH/Modules/Home/HomeController.php(13): App\Modules\Home\HomeModel->getAll()
 2 SYSTEMPATH/CodeIgniter.php(932): App\Modules\Home\HomeController->index()
 3 SYSTEMPATH/CodeIgniter.php(497): CodeIgniter\CodeIgniter->runController()
 4 SYSTEMPATH/CodeIgniter.php(366): CodeIgniter\CodeIgniter->handleRequest()
 5 FCPATH/index.php(67): CodeIgniter\CodeIgniter->run()
CRITICAL - 2023-08-17 21:50:13 --> Call to undefined method CodeIgniter\Database\Postgre\Connection::from()
in APPPATH/Modules/Home/HomeModel.php on line 16.
 1 APPPATH/Modules/Home/HomeController.php(13): App\Modules\Home\HomeModel->getAll()
 2 SYSTEMPATH/CodeIgniter.php(932): App\Modules\Home\HomeController->index()
 3 SYSTEMPATH/CodeIgniter.php(497): CodeIgniter\CodeIgniter->runController()
 4 SYSTEMPATH/CodeIgniter.php(366): CodeIgniter\CodeIgniter->handleRequest()
 5 FCPATH/index.php(67): CodeIgniter\CodeIgniter->run()
CRITICAL - 2023-08-17 21:50:21 --> Call to undefined method CodeIgniter\Database\Postgre\Connection::from()
in APPPATH/Modules/Home/HomeModel.php on line 16.
 1 APPPATH/Modules/Home/HomeController.php(13): App\Modules\Home\HomeModel->getAll()
 2 SYSTEMPATH/CodeIgniter.php(932): App\Modules\Home\HomeController->index()
 3 SYSTEMPATH/CodeIgniter.php(497): CodeIgniter\CodeIgniter->runController()
 4 SYSTEMPATH/CodeIgniter.php(366): CodeIgniter\CodeIgniter->handleRequest()
 5 FCPATH/index.php(67): CodeIgniter\CodeIgniter->run()
CRITICAL - 2023-08-17 21:50:22 --> Call to undefined method CodeIgniter\Database\Postgre\Connection::from()
in APPPATH/Modules/Home/HomeModel.php on line 16.
 1 APPPATH/Modules/Home/HomeController.php(13): App\Modules\Home\HomeModel->getAll()
 2 SYSTEMPATH/CodeIgniter.php(932): App\Modules\Home\HomeController->index()
 3 SYSTEMPATH/CodeIgniter.php(497): CodeIgniter\CodeIgniter->runController()
 4 SYSTEMPATH/CodeIgniter.php(366): CodeIgniter\CodeIgniter->handleRequest()
 5 FCPATH/index.php(67): CodeIgniter\CodeIgniter->run()
ERROR - 2023-08-17 21:52:08 --> Error connecting to the database: Error: Call to undefined function CodeIgniter\Database\Postgre\pg_connect() in /var/www/vendor/codeigniter4/framework/system/Database/Postgre/Connection.php:72
Stack trace:
#0 /var/www/vendor/codeigniter4/framework/system/Database/BaseConnection.php(391): CodeIgniter\Database\Postgre\Connection->connect()
#1 /var/www/vendor/codeigniter4/framework/system/Database/BaseConnection.php(574): CodeIgniter\Database\BaseConnection->initialize()
#2 /var/www/app/Modules/Home/HomeModel.php(19): CodeIgniter\Database\BaseConnection->query()
#3 /var/www/app/Modules/Home/HomeController.php(13): App\Modules\Home\HomeModel->getAll()
#4 /var/www/vendor/codeigniter4/framework/system/CodeIgniter.php(932): App\Modules\Home\HomeController->index()
#5 /var/www/vendor/codeigniter4/framework/system/CodeIgniter.php(497): CodeIgniter\CodeIgniter->runController()
#6 /var/www/vendor/codeigniter4/framework/system/CodeIgniter.php(366): CodeIgniter\CodeIgniter->handleRequest()
#7 /var/www/public/index.php(67): CodeIgniter\CodeIgniter->run()
#8 {main}
CRITICAL - 2023-08-17 21:52:08 --> Unable to connect to the database.
Main connection [Postgre]: Call to undefined function CodeIgniter\Database\Postgre\pg_connect()
in SYSTEMPATH/Database/BaseConnection.php on line 427.
 1 SYSTEMPATH/Database/BaseConnection.php(574): CodeIgniter\Database\BaseConnection->initialize()
 2 APPPATH/Modules/Home/HomeModel.php(19): CodeIgniter\Database\BaseConnection->query()
 3 APPPATH/Modules/Home/HomeController.php(13): App\Modules\Home\HomeModel->getAll()
 4 SYSTEMPATH/CodeIgniter.php(932): App\Modules\Home\HomeController->index()
 5 SYSTEMPATH/CodeIgniter.php(497): CodeIgniter\CodeIgniter->runController()
 6 SYSTEMPATH/CodeIgniter.php(366): CodeIgniter\CodeIgniter->handleRequest()
 7 FCPATH/index.php(67): CodeIgniter\CodeIgniter->run()
ERROR - 2023-08-17 21:54:15 --> Error connecting to the database: Error: Call to undefined function CodeIgniter\Database\Postgre\pg_connect() in /var/www/vendor/codeigniter4/framework/system/Database/Postgre/Connection.php:72
Stack trace:
#0 /var/www/vendor/codeigniter4/framework/system/Database/BaseConnection.php(391): CodeIgniter\Database\Postgre\Connection->connect()
#1 /var/www/vendor/codeigniter4/framework/system/Database/BaseConnection.php(574): CodeIgniter\Database\BaseConnection->initialize()
#2 /var/www/app/Modules/Home/HomeModel.php(24): CodeIgniter\Database\BaseConnection->query()
#3 /var/www/app/Modules/Home/HomeController.php(13): App\Modules\Home\HomeModel->getAll()
#4 /var/www/vendor/codeigniter4/framework/system/CodeIgniter.php(932): App\Modules\Home\HomeController->index()
#5 /var/www/vendor/codeigniter4/framework/system/CodeIgniter.php(497): CodeIgniter\CodeIgniter->runController()
#6 /var/www/vendor/codeigniter4/framework/system/CodeIgniter.php(366): CodeIgniter\CodeIgniter->handleRequest()
#7 /var/www/public/index.php(67): CodeIgniter\CodeIgniter->run()
#8 {main}
CRITICAL - 2023-08-17 21:54:15 --> Unable to connect to the database.
Main connection [Postgre]: Call to undefined function CodeIgniter\Database\Postgre\pg_connect()
in SYSTEMPATH/Database/BaseConnection.php on line 427.
 1 SYSTEMPATH/Database/BaseConnection.php(574): CodeIgniter\Database\BaseConnection->initialize()
 2 APPPATH/Modules/Home/HomeModel.php(24): CodeIgniter\Database\BaseConnection->query()
 3 APPPATH/Modules/Home/HomeController.php(13): App\Modules\Home\HomeModel->getAll()
 4 SYSTEMPATH/CodeIgniter.php(932): App\Modules\Home\HomeController->index()
 5 SYSTEMPATH/CodeIgniter.php(497): CodeIgniter\CodeIgniter->runController()
 6 SYSTEMPATH/CodeIgniter.php(366): CodeIgniter\CodeIgniter->handleRequest()
 7 FCPATH/index.php(67): CodeIgniter\CodeIgniter->run()
ERROR - 2023-08-17 21:54:16 --> Error connecting to the database: Error: Call to undefined function CodeIgniter\Database\Postgre\pg_connect() in /var/www/vendor/codeigniter4/framework/system/Database/Postgre/Connection.php:72
Stack trace:
#0 /var/www/vendor/codeigniter4/framework/system/Database/BaseConnection.php(391): CodeIgniter\Database\Postgre\Connection->connect()
#1 /var/www/vendor/codeigniter4/framework/system/Database/BaseConnection.php(574): CodeIgniter\Database\BaseConnection->initialize()
#2 /var/www/app/Modules/Home/HomeModel.php(24): CodeIgniter\Database\BaseConnection->query()
#3 /var/www/app/Modules/Home/HomeController.php(13): App\Modules\Home\HomeModel->getAll()
#4 /var/www/vendor/codeigniter4/framework/system/CodeIgniter.php(932): App\Modules\Home\HomeController->index()
#5 /var/www/vendor/codeigniter4/framework/system/CodeIgniter.php(497): CodeIgniter\CodeIgniter->runController()
#6 /var/www/vendor/codeigniter4/framework/system/CodeIgniter.php(366): CodeIgniter\CodeIgniter->handleRequest()
#7 /var/www/public/index.php(67): CodeIgniter\CodeIgniter->run()
#8 {main}
CRITICAL - 2023-08-17 21:54:16 --> Unable to connect to the database.
Main connection [Postgre]: Call to undefined function CodeIgniter\Database\Postgre\pg_connect()
in SYSTEMPATH/Database/BaseConnection.php on line 427.
 1 SYSTEMPATH/Database/BaseConnection.php(574): CodeIgniter\Database\BaseConnection->initialize()
 2 APPPATH/Modules/Home/HomeModel.php(24): CodeIgniter\Database\BaseConnection->query()
 3 APPPATH/Modules/Home/HomeController.php(13): App\Modules\Home\HomeModel->getAll()
 4 SYSTEMPATH/CodeIgniter.php(932): App\Modules\Home\HomeController->index()
 5 SYSTEMPATH/CodeIgniter.php(497): CodeIgniter\CodeIgniter->runController()
 6 SYSTEMPATH/CodeIgniter.php(366): CodeIgniter\CodeIgniter->handleRequest()
 7 FCPATH/index.php(67): CodeIgniter\CodeIgniter->run()
ERROR - 2023-08-17 21:54:16 --> Error connecting to the database: Error: Call to undefined function CodeIgniter\Database\Postgre\pg_connect() in /var/www/vendor/codeigniter4/framework/system/Database/Postgre/Connection.php:72
Stack trace:
#0 /var/www/vendor/codeigniter4/framework/system/Database/BaseConnection.php(391): CodeIgniter\Database\Postgre\Connection->connect()
#1 /var/www/vendor/codeigniter4/framework/system/Database/BaseConnection.php(574): CodeIgniter\Database\BaseConnection->initialize()
#2 /var/www/app/Modules/Home/HomeModel.php(24): CodeIgniter\Database\BaseConnection->query()
#3 /var/www/app/Modules/Home/HomeController.php(13): App\Modules\Home\HomeModel->getAll()
#4 /var/www/vendor/codeigniter4/framework/system/CodeIgniter.php(932): App\Modules\Home\HomeController->index()
#5 /var/www/vendor/codeigniter4/framework/system/CodeIgniter.php(497): CodeIgniter\CodeIgniter->runController()
#6 /var/www/vendor/codeigniter4/framework/system/CodeIgniter.php(366): CodeIgniter\CodeIgniter->handleRequest()
#7 /var/www/public/index.php(67): CodeIgniter\CodeIgniter->run()
#8 {main}
CRITICAL - 2023-08-17 21:54:16 --> Unable to connect to the database.
Main connection [Postgre]: Call to undefined function CodeIgniter\Database\Postgre\pg_connect()
in SYSTEMPATH/Database/BaseConnection.php on line 427.
 1 SYSTEMPATH/Database/BaseConnection.php(574): CodeIgniter\Database\BaseConnection->initialize()
 2 APPPATH/Modules/Home/HomeModel.php(24): CodeIgniter\Database\BaseConnection->query()
 3 APPPATH/Modules/Home/HomeController.php(13): App\Modules\Home\HomeModel->getAll()
 4 SYSTEMPATH/CodeIgniter.php(932): App\Modules\Home\HomeController->index()
 5 SYSTEMPATH/CodeIgniter.php(497): CodeIgniter\CodeIgniter->runController()
 6 SYSTEMPATH/CodeIgniter.php(366): CodeIgniter\CodeIgniter->handleRequest()
 7 FCPATH/index.php(67): CodeIgniter\CodeIgniter->run()
ERROR - 2023-08-17 21:54:20 --> Error connecting to the database: Error: Call to undefined function CodeIgniter\Database\Postgre\pg_connect() in /var/www/vendor/codeigniter4/framework/system/Database/Postgre/Connection.php:72
Stack trace:
#0 /var/www/vendor/codeigniter4/framework/system/Database/BaseConnection.php(391): CodeIgniter\Database\Postgre\Connection->connect()
#1 /var/www/vendor/codeigniter4/framework/system/Database/BaseConnection.php(574): CodeIgniter\Database\BaseConnection->initialize()
#2 /var/www/app/Modules/Home/HomeModel.php(24): CodeIgniter\Database\BaseConnection->query()
#3 /var/www/app/Modules/Home/HomeController.php(13): App\Modules\Home\HomeModel->getAll()
#4 /var/www/vendor/codeigniter4/framework/system/CodeIgniter.php(932): App\Modules\Home\HomeController->index()
#5 /var/www/vendor/codeigniter4/framework/system/CodeIgniter.php(497): CodeIgniter\CodeIgniter->runController()
#6 /var/www/vendor/codeigniter4/framework/system/CodeIgniter.php(366): CodeIgniter\CodeIgniter->handleRequest()
#7 /var/www/public/index.php(67): CodeIgniter\CodeIgniter->run()
#8 {main}
CRITICAL - 2023-08-17 21:54:20 --> Unable to connect to the database.
Main connection [Postgre]: Call to undefined function CodeIgniter\Database\Postgre\pg_connect()
in SYSTEMPATH/Database/BaseConnection.php on line 427.
 1 SYSTEMPATH/Database/BaseConnection.php(574): CodeIgniter\Database\BaseConnection->initialize()
 2 APPPATH/Modules/Home/HomeModel.php(24): CodeIgniter\Database\BaseConnection->query()
 3 APPPATH/Modules/Home/HomeController.php(13): App\Modules\Home\HomeModel->getAll()
 4 SYSTEMPATH/CodeIgniter.php(932): App\Modules\Home\HomeController->index()
 5 SYSTEMPATH/CodeIgniter.php(497): CodeIgniter\CodeIgniter->runController()
 6 SYSTEMPATH/CodeIgniter.php(366): CodeIgniter\CodeIgniter->handleRequest()
 7 FCPATH/index.php(67): CodeIgniter\CodeIgniter->run()
